<?xml version="1.0" encoding="UTF-8"?>
<!-- Generated by org.testng.reporters.JUnitXMLReporter -->
<testsuite ignored="0" hostname="DESKTOP-56LNQVK" failures="0" tests="3" name="Test" time="71.128" errors="0" timestamp="2024-08-02T20:29:00 IST">
  <testcase classname="AlterShop_Testcases.TC_003_Altershop_CreateProfile" name="CreateProfileTest" time="21.287"/>
  <testcase classname="AlterShop_Testcases.TC_001_Altershop_SearchFunctionality" name="SearchTest" time="8.461"/>
  <testcase classname="AlterShop_Testcases.TC_002_Altershop_AssetDeatils" name="AssetDeatilsTest" time="11.152"/>
</testsuite> <!-- Test -->
