<?xml version="1.0" encoding="UTF-8"?>
<testng-results ignored="0" total="3" passed="3" failed="0" skipped="0">
  <reporter-output>
  </reporter-output>
  <suite started-at="2024-08-02T20:27:47 IST" name="Suite" finished-at="2024-08-02T20:28:58 IST" duration-ms="71128">
    <groups>
    </groups>
    <test started-at="2024-08-02T20:27:47 IST" name="Test" finished-at="2024-08-02T20:28:58 IST" duration-ms="71128">
      <class name="AlterShop_Testcases.TC_001_Altershop_SearchFunctionality">
        <test-method is-config="true" signature="openApplication()[pri:0, instance:AlterShop_Testcases.TC_001_Altershop_SearchFunctionality@6c284af]" started-at="2024-08-02T20:28:24 IST" name="openApplication" finished-at="2024-08-02T20:28:31 IST" duration-ms="6625" status="PASS">
          <reporter-output>
          </reporter-output>
        </test-method> <!-- openApplication -->
        <test-method signature="SearchTest()[pri:0, instance:AlterShop_Testcases.TC_001_Altershop_SearchFunctionality@6c284af]" started-at="2024-08-02T20:28:31 IST" name="SearchTest" finished-at="2024-08-02T20:28:39 IST" duration-ms="8461" status="PASS">
          <reporter-output>
          </reporter-output>
        </test-method> <!-- SearchTest -->
        <test-method is-config="true" signature="closeApplication()[pri:0, instance:AlterShop_Testcases.TC_001_Altershop_SearchFunctionality@6c284af]" started-at="2024-08-02T20:28:39 IST" name="closeApplication" finished-at="2024-08-02T20:28:40 IST" duration-ms="1091" status="PASS">
          <reporter-output>
          </reporter-output>
        </test-method> <!-- closeApplication -->
      </class> <!-- AlterShop_Testcases.TC_001_Altershop_SearchFunctionality -->
      <class name="AlterShop_Testcases.TC_002_Altershop_AssetDeatils">
        <test-method is-config="true" signature="openApplication()[pri:0, instance:AlterShop_Testcases.TC_002_Altershop_AssetDeatils@5890e879]" started-at="2024-08-02T20:28:40 IST" name="openApplication" finished-at="2024-08-02T20:28:46 IST" duration-ms="5821" status="PASS">
          <reporter-output>
          </reporter-output>
        </test-method> <!-- openApplication -->
        <test-method signature="AssetDeatilsTest()[pri:0, instance:AlterShop_Testcases.TC_002_Altershop_AssetDeatils@5890e879]" started-at="2024-08-02T20:28:46 IST" name="AssetDeatilsTest" finished-at="2024-08-02T20:28:57 IST" duration-ms="11152" status="PASS">
          <reporter-output>
          </reporter-output>
        </test-method> <!-- AssetDeatilsTest -->
        <test-method is-config="true" signature="closeApplication()[pri:0, instance:AlterShop_Testcases.TC_002_Altershop_AssetDeatils@5890e879]" started-at="2024-08-02T20:28:57 IST" name="closeApplication" finished-at="2024-08-02T20:28:58 IST" duration-ms="606" status="PASS">
          <reporter-output>
          </reporter-output>
        </test-method> <!-- closeApplication -->
      </class> <!-- AlterShop_Testcases.TC_002_Altershop_AssetDeatils -->
      <class name="AlterShop_Testcases.TC_003_Altershop_CreateProfile">
        <test-method is-config="true" signature="openApplication()[pri:0, instance:AlterShop_Testcases.TC_003_Altershop_CreateProfile@7ce69770]" started-at="2024-08-02T20:27:48 IST" name="openApplication" finished-at="2024-08-02T20:28:02 IST" duration-ms="14087" status="PASS">
          <reporter-output>
          </reporter-output>
        </test-method> <!-- openApplication -->
        <test-method signature="CreateProfileTest()[pri:0, instance:AlterShop_Testcases.TC_003_Altershop_CreateProfile@7ce69770]" started-at="2024-08-02T20:28:02 IST" name="CreateProfileTest" finished-at="2024-08-02T20:28:23 IST" duration-ms="21287" status="PASS">
          <reporter-output>
          </reporter-output>
        </test-method> <!-- CreateProfileTest -->
        <test-method is-config="true" signature="closeApplication()[pri:0, instance:AlterShop_Testcases.TC_003_Altershop_CreateProfile@7ce69770]" started-at="2024-08-02T20:28:23 IST" name="closeApplication" finished-at="2024-08-02T20:28:24 IST" duration-ms="914" status="PASS">
          <reporter-output>
          </reporter-output>
        </test-method> <!-- closeApplication -->
      </class> <!-- AlterShop_Testcases.TC_003_Altershop_CreateProfile -->
    </test> <!-- Test -->
  </suite> <!-- Suite -->
</testng-results>
